<?xml version="1.0" encoding="UTF-8"?>
<!-- Generated by org.testng.reporters.JUnitReportReporter -->
<testsuite skipped="0" hostname="Lenovo-PC" name="MyTest.Basic_Auth" tests="1" failures="0" timestamp="19 Apr 2020 13:25:36 GMT" time="21.440" errors="0">
  <testcase name="testAuth" time="21.440" classname="MyTest.Basic_Auth"/>
</testsuite> <!-- MyTest.Basic_Auth -->
