<?xml version="1.0" encoding="UTF-8"?>
<!-- Generated by org.testng.reporters.JUnitReportReporter -->
<testsuite skipped="0" hostname="Lenovo-PC" name="MyTest.MyTestclass" tests="1" failures="0" timestamp="18 Apr 2020 17:11:31 GMT" time="74.496" errors="0">
  <testcase name="test" time="74.496" classname="MyTest.MyTestclass"/>
</testsuite> <!-- MyTest.MyTestclass -->
